\BOOKMARK [1][-]{section.1}{Introduction}{}% 1
\BOOKMARK [2][-]{subsection.1.1}{Objectives}{section.1}% 2
\BOOKMARK [1][-]{section.2}{Background}{}% 3
\BOOKMARK [2][-]{subsection.2.1}{The Leap}{section.2}% 4
\BOOKMARK [2][-]{subsection.2.2}{Leap Software}{section.2}% 5
\BOOKMARK [3][-]{subsubsection.2.2.1}{Skeletal Model and API}{subsection.2.2}% 6
\BOOKMARK [3][-]{subsubsection.2.2.2}{Operating system support}{subsection.2.2}% 7
\BOOKMARK [2][-]{subsection.2.3}{OpenLeap software}{section.2}% 8
\BOOKMARK [2][-]{subsection.2.4}{Gestures}{section.2}% 9
\BOOKMARK [2][-]{subsection.2.5}{Definition of a Gesture}{section.2}% 10
\BOOKMARK [2][-]{subsection.2.6}{Existing support}{section.2}% 11
\BOOKMARK [2][-]{subsection.2.7}{Algorithms and methods}{section.2}% 12
\BOOKMARK [2][-]{subsection.2.8}{Open-source Gesture library implementations}{section.2}% 13
\BOOKMARK [3][-]{subsubsection.2.8.1}{LeapTrainer.js }{subsection.2.8}% 14
\BOOKMARK [3][-]{subsubsection.2.8.2}{Gesture Recognition Toolkit }{subsection.2.8}% 15
\BOOKMARK [2][-]{subsection.2.9}{Desktop Environment}{section.2}% 16
\BOOKMARK [3][-]{subsubsection.2.9.1}{What is a Deskop environment}{subsection.2.9}% 17
\BOOKMARK [3][-]{subsubsection.2.9.2}{GNOME}{subsection.2.9}% 18
\BOOKMARK [2][-]{subsection.2.10}{Desktop navigation implementations}{section.2}% 19
\BOOKMARK [1][-]{section.3}{Project plan}{}% 20
\BOOKMARK [1][-]{section.4}{Evaluation plan}{}% 21
\BOOKMARK [2][-]{subsection.4.1}{Leap Gesture recognition development and implementation}{section.4}% 22
\BOOKMARK [3][-]{subsubsection.4.1.1}{Objective 1}{subsection.4.1}% 23
\BOOKMARK [3][-]{subsubsection.4.1.2}{Objective 2}{subsection.4.1}% 24
\BOOKMARK [3][-]{subsubsection.4.1.3}{Objective 3}{subsection.4.1}% 25
\BOOKMARK [2][-]{subsection.4.2}{Development of GnomeLeap}{section.4}% 26
\BOOKMARK [3][-]{subsubsection.4.2.1}{Objective 4}{subsection.4.2}% 27
\BOOKMARK [3][-]{subsubsection.4.2.2}{Objective 5}{subsection.4.2}% 28
\BOOKMARK [2][-]{subsection.4.3}{Extension}{section.4}% 29
